
--- "JFK" ---

("UA": 6.44230577937)
("CO": 7.31219512195)
("AA": 7.53806565424)
("NW": 11.2844325516)
("DL": 11.4687330012)
("PA (1)": 11.5234786558)
("TW": 12.8783378092)
("US": 13.5126926824)
("EA": 14.0059366755)
("PI": 16.0960528545)

--- "SEA" ---

("PS": 4.72063933287)
("AA": 5.29944637634)
("NW": 6.46635375201)
("US": 6.56054342895)
("DL": 7.05746180256)
("CO": 7.72413357902)
("AS": 8.20991960744)
("WN": 8.54668712512)
("TW": 9.44322539767)
("HP": 9.65989739854)

--- "BOS" ---

("PA (1)": 4.44716479505)
("ML (1)": 5.73477564103)
("NW": 7.80476775756)
("DL": 8.05280902532)
("AA": 8.1707973663)
("EA": 8.89143395042)
("CO": 9.70639900616)
("US": 10.1577352565)
("TW": 10.2083908575)
("UA": 10.5837315653)

--- "SRQ" ---

("AA": 3.63349851338)
("UA": 3.95212206243)
("TW": 4.30467606502)
("DL": 4.61898074861)
("US": 4.70962259728)
("NW": 5.35156074556)
("EA": 7.0553700123)
("ML (1)": 7.35143769968)
("CO": 8.26852490686)

--- "CMH" ---

("AA": 3.38731190724)
("NW": 4.08338694114)
("ML (1)": 4.36645962733)
("PI": 5.20129487934)
("DL": 5.47258221518)
("EA": 5.93738938053)
("TW": 6.21103717722)
("US": 6.37976264834)
("WN": 7.60752334605)
("CO": 7.61488335723)
